CRITICAL - 2025-09-04 16:56:03 --> Creation of dynamic property Config\Cache::$file is deprecated
in SYSTEMPATH\Cache\Handlers\FileHandler.php on line 51.
 1 SYSTEMPATH\Cache\Handlers\FileHandler.php(51): CodeIgniter\Debug\Exceptions->errorHandler(8192, 'Creation of dynamic property Config\\Cache::$file is deprecated', 'SYSTEMPATH\\Cache\\Handlers\\FileHandler.php', 51)
 2 SYSTEMPATH\Cache\CacheFactory.php(60): CodeIgniter\Cache\Handlers\FileHandler->__construct(Object(Config\Cache))
 3 SYSTEMPATH\Config\Services.php(113): CodeIgniter\Cache\CacheFactory::getHandler(Object(Config\Cache))
 4 SYSTEMPATH\Config\BaseService.php(194): CodeIgniter\Config\Services::cache(Object(Config\Cache), false)
 5 SYSTEMPATH\Config\Services.php(108): CodeIgniter\Config\BaseService::getSharedInstance('cache', null)
 6 SYSTEMPATH\Common.php(69): CodeIgniter\Config\Services::cache()
 7 SYSTEMPATH\CodeIgniter.php(683): cache()
 8 SYSTEMPATH\CodeIgniter.php(333): CodeIgniter\CodeIgniter->displayCache(Object(Config\Cache))
 9 FCPATH\index.php(69): CodeIgniter\CodeIgniter->run()
CRITICAL - 2025-09-04 17:01:12 --> Creation of dynamic property Config\Cache::$file is deprecated
in SYSTEMPATH\Cache\Handlers\FileHandler.php on line 51.
 1 SYSTEMPATH\Cache\Handlers\FileHandler.php(51): CodeIgniter\Debug\Exceptions->errorHandler(8192, 'Creation of dynamic property Config\\Cache::$file is deprecated', 'SYSTEMPATH\\Cache\\Handlers\\FileHandler.php', 51)
 2 SYSTEMPATH\Cache\CacheFactory.php(60): CodeIgniter\Cache\Handlers\FileHandler->__construct(Object(Config\Cache))
 3 SYSTEMPATH\Config\Services.php(113): CodeIgniter\Cache\CacheFactory::getHandler(Object(Config\Cache))
 4 SYSTEMPATH\Config\BaseService.php(194): CodeIgniter\Config\Services::cache(Object(Config\Cache), false)
 5 SYSTEMPATH\Config\Services.php(108): CodeIgniter\Config\BaseService::getSharedInstance('cache', null)
 6 SYSTEMPATH\Common.php(69): CodeIgniter\Config\Services::cache()
 7 SYSTEMPATH\CodeIgniter.php(683): cache()
 8 SYSTEMPATH\CodeIgniter.php(333): CodeIgniter\CodeIgniter->displayCache(Object(Config\Cache))
 9 FCPATH\index.php(69): CodeIgniter\CodeIgniter->run()
CRITICAL - 2025-09-04 17:01:52 --> Creation of dynamic property Config\Cache::$file is deprecated
in SYSTEMPATH\Cache\Handlers\FileHandler.php on line 51.
 1 SYSTEMPATH\Cache\Handlers\FileHandler.php(51): CodeIgniter\Debug\Exceptions->errorHandler(8192, 'Creation of dynamic property Config\\Cache::$file is deprecated', 'SYSTEMPATH\\Cache\\Handlers\\FileHandler.php', 51)
 2 SYSTEMPATH\Cache\CacheFactory.php(60): CodeIgniter\Cache\Handlers\FileHandler->__construct(Object(Config\Cache))
 3 SYSTEMPATH\Config\Services.php(113): CodeIgniter\Cache\CacheFactory::getHandler(Object(Config\Cache))
 4 SYSTEMPATH\Config\BaseService.php(194): CodeIgniter\Config\Services::cache(Object(Config\Cache), false)
 5 SYSTEMPATH\Config\Services.php(108): CodeIgniter\Config\BaseService::getSharedInstance('cache', null)
 6 SYSTEMPATH\Common.php(69): CodeIgniter\Config\Services::cache()
 7 SYSTEMPATH\CodeIgniter.php(683): cache()
 8 SYSTEMPATH\CodeIgniter.php(333): CodeIgniter\CodeIgniter->displayCache(Object(Config\Cache))
 9 FCPATH\index.php(71): CodeIgniter\CodeIgniter->run()
CRITICAL - 2025-09-04 17:01:53 --> Creation of dynamic property Config\Cache::$file is deprecated
in SYSTEMPATH\Cache\Handlers\FileHandler.php on line 51.
 1 SYSTEMPATH\Cache\Handlers\FileHandler.php(51): CodeIgniter\Debug\Exceptions->errorHandler(8192, 'Creation of dynamic property Config\\Cache::$file is deprecated', 'SYSTEMPATH\\Cache\\Handlers\\FileHandler.php', 51)
 2 SYSTEMPATH\Cache\CacheFactory.php(60): CodeIgniter\Cache\Handlers\FileHandler->__construct(Object(Config\Cache))
 3 SYSTEMPATH\Config\Services.php(113): CodeIgniter\Cache\CacheFactory::getHandler(Object(Config\Cache))
 4 SYSTEMPATH\Config\BaseService.php(194): CodeIgniter\Config\Services::cache(Object(Config\Cache), false)
 5 SYSTEMPATH\Config\Services.php(108): CodeIgniter\Config\BaseService::getSharedInstance('cache', null)
 6 SYSTEMPATH\Common.php(69): CodeIgniter\Config\Services::cache()
 7 SYSTEMPATH\CodeIgniter.php(683): cache()
 8 SYSTEMPATH\CodeIgniter.php(333): CodeIgniter\CodeIgniter->displayCache(Object(Config\Cache))
 9 FCPATH\index.php(71): CodeIgniter\CodeIgniter->run()
CRITICAL - 2025-09-04 17:01:54 --> Creation of dynamic property Config\Cache::$file is deprecated
in SYSTEMPATH\Cache\Handlers\FileHandler.php on line 51.
 1 SYSTEMPATH\Cache\Handlers\FileHandler.php(51): CodeIgniter\Debug\Exceptions->errorHandler(8192, 'Creation of dynamic property Config\\Cache::$file is deprecated', 'SYSTEMPATH\\Cache\\Handlers\\FileHandler.php', 51)
 2 SYSTEMPATH\Cache\CacheFactory.php(60): CodeIgniter\Cache\Handlers\FileHandler->__construct(Object(Config\Cache))
 3 SYSTEMPATH\Config\Services.php(113): CodeIgniter\Cache\CacheFactory::getHandler(Object(Config\Cache))
 4 SYSTEMPATH\Config\BaseService.php(194): CodeIgniter\Config\Services::cache(Object(Config\Cache), false)
 5 SYSTEMPATH\Config\Services.php(108): CodeIgniter\Config\BaseService::getSharedInstance('cache', null)
 6 SYSTEMPATH\Common.php(69): CodeIgniter\Config\Services::cache()
 7 SYSTEMPATH\CodeIgniter.php(683): cache()
 8 SYSTEMPATH\CodeIgniter.php(333): CodeIgniter\CodeIgniter->displayCache(Object(Config\Cache))
 9 FCPATH\index.php(71): CodeIgniter\CodeIgniter->run()
CRITICAL - 2025-09-04 17:01:54 --> Creation of dynamic property Config\Cache::$file is deprecated
in SYSTEMPATH\Cache\Handlers\FileHandler.php on line 51.
 1 SYSTEMPATH\Cache\Handlers\FileHandler.php(51): CodeIgniter\Debug\Exceptions->errorHandler(8192, 'Creation of dynamic property Config\\Cache::$file is deprecated', 'SYSTEMPATH\\Cache\\Handlers\\FileHandler.php', 51)
 2 SYSTEMPATH\Cache\CacheFactory.php(60): CodeIgniter\Cache\Handlers\FileHandler->__construct(Object(Config\Cache))
 3 SYSTEMPATH\Config\Services.php(113): CodeIgniter\Cache\CacheFactory::getHandler(Object(Config\Cache))
 4 SYSTEMPATH\Config\BaseService.php(194): CodeIgniter\Config\Services::cache(Object(Config\Cache), false)
 5 SYSTEMPATH\Config\Services.php(108): CodeIgniter\Config\BaseService::getSharedInstance('cache', null)
 6 SYSTEMPATH\Common.php(69): CodeIgniter\Config\Services::cache()
 7 SYSTEMPATH\CodeIgniter.php(683): cache()
 8 SYSTEMPATH\CodeIgniter.php(333): CodeIgniter\CodeIgniter->displayCache(Object(Config\Cache))
 9 FCPATH\index.php(71): CodeIgniter\CodeIgniter->run()
CRITICAL - 2025-09-04 17:01:55 --> Creation of dynamic property Config\Cache::$file is deprecated
in SYSTEMPATH\Cache\Handlers\FileHandler.php on line 51.
 1 SYSTEMPATH\Cache\Handlers\FileHandler.php(51): CodeIgniter\Debug\Exceptions->errorHandler(8192, 'Creation of dynamic property Config\\Cache::$file is deprecated', 'SYSTEMPATH\\Cache\\Handlers\\FileHandler.php', 51)
 2 SYSTEMPATH\Cache\CacheFactory.php(60): CodeIgniter\Cache\Handlers\FileHandler->__construct(Object(Config\Cache))
 3 SYSTEMPATH\Config\Services.php(113): CodeIgniter\Cache\CacheFactory::getHandler(Object(Config\Cache))
 4 SYSTEMPATH\Config\BaseService.php(194): CodeIgniter\Config\Services::cache(Object(Config\Cache), false)
 5 SYSTEMPATH\Config\Services.php(108): CodeIgniter\Config\BaseService::getSharedInstance('cache', null)
 6 SYSTEMPATH\Common.php(69): CodeIgniter\Config\Services::cache()
 7 SYSTEMPATH\CodeIgniter.php(683): cache()
 8 SYSTEMPATH\CodeIgniter.php(333): CodeIgniter\CodeIgniter->displayCache(Object(Config\Cache))
 9 FCPATH\index.php(71): CodeIgniter\CodeIgniter->run()
CRITICAL - 2025-09-04 17:01:55 --> Creation of dynamic property Config\Cache::$file is deprecated
in SYSTEMPATH\Cache\Handlers\FileHandler.php on line 51.
 1 SYSTEMPATH\Cache\Handlers\FileHandler.php(51): CodeIgniter\Debug\Exceptions->errorHandler(8192, 'Creation of dynamic property Config\\Cache::$file is deprecated', 'SYSTEMPATH\\Cache\\Handlers\\FileHandler.php', 51)
 2 SYSTEMPATH\Cache\CacheFactory.php(60): CodeIgniter\Cache\Handlers\FileHandler->__construct(Object(Config\Cache))
 3 SYSTEMPATH\Config\Services.php(113): CodeIgniter\Cache\CacheFactory::getHandler(Object(Config\Cache))
 4 SYSTEMPATH\Config\BaseService.php(194): CodeIgniter\Config\Services::cache(Object(Config\Cache), false)
 5 SYSTEMPATH\Config\Services.php(108): CodeIgniter\Config\BaseService::getSharedInstance('cache', null)
 6 SYSTEMPATH\Common.php(69): CodeIgniter\Config\Services::cache()
 7 SYSTEMPATH\CodeIgniter.php(683): cache()
 8 SYSTEMPATH\CodeIgniter.php(333): CodeIgniter\CodeIgniter->displayCache(Object(Config\Cache))
 9 FCPATH\index.php(71): CodeIgniter\CodeIgniter->run()
CRITICAL - 2025-09-04 17:01:56 --> Creation of dynamic property Config\Cache::$file is deprecated
in SYSTEMPATH\Cache\Handlers\FileHandler.php on line 51.
 1 SYSTEMPATH\Cache\Handlers\FileHandler.php(51): CodeIgniter\Debug\Exceptions->errorHandler(8192, 'Creation of dynamic property Config\\Cache::$file is deprecated', 'SYSTEMPATH\\Cache\\Handlers\\FileHandler.php', 51)
 2 SYSTEMPATH\Cache\CacheFactory.php(60): CodeIgniter\Cache\Handlers\FileHandler->__construct(Object(Config\Cache))
 3 SYSTEMPATH\Config\Services.php(113): CodeIgniter\Cache\CacheFactory::getHandler(Object(Config\Cache))
 4 SYSTEMPATH\Config\BaseService.php(194): CodeIgniter\Config\Services::cache(Object(Config\Cache), false)
 5 SYSTEMPATH\Config\Services.php(108): CodeIgniter\Config\BaseService::getSharedInstance('cache', null)
 6 SYSTEMPATH\Common.php(69): CodeIgniter\Config\Services::cache()
 7 SYSTEMPATH\CodeIgniter.php(683): cache()
 8 SYSTEMPATH\CodeIgniter.php(333): CodeIgniter\CodeIgniter->displayCache(Object(Config\Cache))
 9 FCPATH\index.php(71): CodeIgniter\CodeIgniter->run()
CRITICAL - 2025-09-04 17:01:56 --> Creation of dynamic property Config\Cache::$file is deprecated
in SYSTEMPATH\Cache\Handlers\FileHandler.php on line 51.
 1 SYSTEMPATH\Cache\Handlers\FileHandler.php(51): CodeIgniter\Debug\Exceptions->errorHandler(8192, 'Creation of dynamic property Config\\Cache::$file is deprecated', 'SYSTEMPATH\\Cache\\Handlers\\FileHandler.php', 51)
 2 SYSTEMPATH\Cache\CacheFactory.php(60): CodeIgniter\Cache\Handlers\FileHandler->__construct(Object(Config\Cache))
 3 SYSTEMPATH\Config\Services.php(113): CodeIgniter\Cache\CacheFactory::getHandler(Object(Config\Cache))
 4 SYSTEMPATH\Config\BaseService.php(194): CodeIgniter\Config\Services::cache(Object(Config\Cache), false)
 5 SYSTEMPATH\Config\Services.php(108): CodeIgniter\Config\BaseService::getSharedInstance('cache', null)
 6 SYSTEMPATH\Common.php(69): CodeIgniter\Config\Services::cache()
 7 SYSTEMPATH\CodeIgniter.php(683): cache()
 8 SYSTEMPATH\CodeIgniter.php(333): CodeIgniter\CodeIgniter->displayCache(Object(Config\Cache))
 9 FCPATH\index.php(71): CodeIgniter\CodeIgniter->run()
CRITICAL - 2025-09-04 17:01:56 --> Creation of dynamic property Config\Cache::$file is deprecated
in SYSTEMPATH\Cache\Handlers\FileHandler.php on line 51.
 1 SYSTEMPATH\Cache\Handlers\FileHandler.php(51): CodeIgniter\Debug\Exceptions->errorHandler(8192, 'Creation of dynamic property Config\\Cache::$file is deprecated', 'SYSTEMPATH\\Cache\\Handlers\\FileHandler.php', 51)
 2 SYSTEMPATH\Cache\CacheFactory.php(60): CodeIgniter\Cache\Handlers\FileHandler->__construct(Object(Config\Cache))
 3 SYSTEMPATH\Config\Services.php(113): CodeIgniter\Cache\CacheFactory::getHandler(Object(Config\Cache))
 4 SYSTEMPATH\Config\BaseService.php(194): CodeIgniter\Config\Services::cache(Object(Config\Cache), false)
 5 SYSTEMPATH\Config\Services.php(108): CodeIgniter\Config\BaseService::getSharedInstance('cache', null)
 6 SYSTEMPATH\Common.php(69): CodeIgniter\Config\Services::cache()
 7 SYSTEMPATH\CodeIgniter.php(683): cache()
 8 SYSTEMPATH\CodeIgniter.php(333): CodeIgniter\CodeIgniter->displayCache(Object(Config\Cache))
 9 FCPATH\index.php(71): CodeIgniter\CodeIgniter->run()
CRITICAL - 2025-09-04 17:01:56 --> Creation of dynamic property Config\Cache::$file is deprecated
in SYSTEMPATH\Cache\Handlers\FileHandler.php on line 51.
 1 SYSTEMPATH\Cache\Handlers\FileHandler.php(51): CodeIgniter\Debug\Exceptions->errorHandler(8192, 'Creation of dynamic property Config\\Cache::$file is deprecated', 'SYSTEMPATH\\Cache\\Handlers\\FileHandler.php', 51)
 2 SYSTEMPATH\Cache\CacheFactory.php(60): CodeIgniter\Cache\Handlers\FileHandler->__construct(Object(Config\Cache))
 3 SYSTEMPATH\Config\Services.php(113): CodeIgniter\Cache\CacheFactory::getHandler(Object(Config\Cache))
 4 SYSTEMPATH\Config\BaseService.php(194): CodeIgniter\Config\Services::cache(Object(Config\Cache), false)
 5 SYSTEMPATH\Config\Services.php(108): CodeIgniter\Config\BaseService::getSharedInstance('cache', null)
 6 SYSTEMPATH\Common.php(69): CodeIgniter\Config\Services::cache()
 7 SYSTEMPATH\CodeIgniter.php(683): cache()
 8 SYSTEMPATH\CodeIgniter.php(333): CodeIgniter\CodeIgniter->displayCache(Object(Config\Cache))
 9 FCPATH\index.php(71): CodeIgniter\CodeIgniter->run()
CRITICAL - 2025-09-04 17:02:03 --> Creation of dynamic property Config\Cache::$file is deprecated
in SYSTEMPATH\Cache\Handlers\FileHandler.php on line 51.
 1 SYSTEMPATH\Cache\Handlers\FileHandler.php(51): CodeIgniter\Debug\Exceptions->errorHandler(8192, 'Creation of dynamic property Config\\Cache::$file is deprecated', 'SYSTEMPATH\\Cache\\Handlers\\FileHandler.php', 51)
 2 SYSTEMPATH\Cache\CacheFactory.php(60): CodeIgniter\Cache\Handlers\FileHandler->__construct(Object(Config\Cache))
 3 SYSTEMPATH\Config\Services.php(113): CodeIgniter\Cache\CacheFactory::getHandler(Object(Config\Cache))
 4 SYSTEMPATH\Config\BaseService.php(194): CodeIgniter\Config\Services::cache(Object(Config\Cache), false)
 5 SYSTEMPATH\Config\Services.php(108): CodeIgniter\Config\BaseService::getSharedInstance('cache', null)
 6 SYSTEMPATH\Common.php(69): CodeIgniter\Config\Services::cache()
 7 SYSTEMPATH\CodeIgniter.php(683): cache()
 8 SYSTEMPATH\CodeIgniter.php(333): CodeIgniter\CodeIgniter->displayCache(Object(Config\Cache))
 9 FCPATH\index.php(71): CodeIgniter\CodeIgniter->run()
CRITICAL - 2025-09-04 17:02:04 --> Creation of dynamic property Config\Cache::$file is deprecated
in SYSTEMPATH\Cache\Handlers\FileHandler.php on line 51.
 1 SYSTEMPATH\Cache\Handlers\FileHandler.php(51): CodeIgniter\Debug\Exceptions->errorHandler(8192, 'Creation of dynamic property Config\\Cache::$file is deprecated', 'SYSTEMPATH\\Cache\\Handlers\\FileHandler.php', 51)
 2 SYSTEMPATH\Cache\CacheFactory.php(60): CodeIgniter\Cache\Handlers\FileHandler->__construct(Object(Config\Cache))
 3 SYSTEMPATH\Config\Services.php(113): CodeIgniter\Cache\CacheFactory::getHandler(Object(Config\Cache))
 4 SYSTEMPATH\Config\BaseService.php(194): CodeIgniter\Config\Services::cache(Object(Config\Cache), false)
 5 SYSTEMPATH\Config\Services.php(108): CodeIgniter\Config\BaseService::getSharedInstance('cache', null)
 6 SYSTEMPATH\Common.php(69): CodeIgniter\Config\Services::cache()
 7 SYSTEMPATH\CodeIgniter.php(683): cache()
 8 SYSTEMPATH\CodeIgniter.php(333): CodeIgniter\CodeIgniter->displayCache(Object(Config\Cache))
 9 FCPATH\index.php(71): CodeIgniter\CodeIgniter->run()
CRITICAL - 2025-09-04 17:13:44 --> Creation of dynamic property Config\Cache::$file is deprecated
in SYSTEMPATH\Cache\Handlers\FileHandler.php on line 51.
 1 SYSTEMPATH\Cache\Handlers\FileHandler.php(51): CodeIgniter\Debug\Exceptions->errorHandler(8192, 'Creation of dynamic property Config\\Cache::$file is deprecated', 'SYSTEMPATH\\Cache\\Handlers\\FileHandler.php', 51)
 2 SYSTEMPATH\Cache\CacheFactory.php(60): CodeIgniter\Cache\Handlers\FileHandler->__construct(Object(Config\Cache))
 3 SYSTEMPATH\Config\Services.php(113): CodeIgniter\Cache\CacheFactory::getHandler(Object(Config\Cache))
 4 SYSTEMPATH\Config\BaseService.php(194): CodeIgniter\Config\Services::cache(Object(Config\Cache), false)
 5 SYSTEMPATH\Config\Services.php(108): CodeIgniter\Config\BaseService::getSharedInstance('cache', null)
 6 SYSTEMPATH\Common.php(69): CodeIgniter\Config\Services::cache()
 7 SYSTEMPATH\CodeIgniter.php(683): cache()
 8 SYSTEMPATH\CodeIgniter.php(333): CodeIgniter\CodeIgniter->displayCache(Object(Config\Cache))
 9 FCPATH\index.php(71): CodeIgniter\CodeIgniter->run()
